[debug] [2018-04-30T23:34:39.958Z] ----------------------------------------------------------------------
[debug] [2018-04-30T23:34:39.959Z] Command:       C:\Program Files (x86)\nodejs\node.exe C:\Users\mattd\AppData\Roaming\npm\node_modules\firebase-tools\bin\firebase deploy
[debug] [2018-04-30T23:34:39.959Z] CLI Version:   3.17.7
[debug] [2018-04-30T23:34:39.959Z] Platform:      win32
[debug] [2018-04-30T23:34:39.959Z] Node Version:  v9.9.0
[debug] [2018-04-30T23:34:39.960Z] Time:          Mon Apr 30 2018 17:34:39 GMT-0600 (Mountain Daylight Time)
[debug] [2018-04-30T23:34:39.960Z] ----------------------------------------------------------------------
[debug] 
[debug] [2018-04-30T23:34:39.966Z] > command requires scopes: ["email","openid","https://www.googleapis.com/auth/cloudplatformprojects.readonly","https://www.googleapis.com/auth/firebase","https://www.googleapis.com/auth/cloud-platform"]
[debug] [2018-04-30T23:34:39.967Z] > authorizing via signed-in user
[debug] [2018-04-30T23:34:39.968Z] >>> HTTP REQUEST GET https://admin.firebase.com/v1/projects/twitchplaysballgame  
  
 Mon Apr 30 2018 17:34:39 GMT-0600 (Mountain Daylight Time)
[debug] [2018-04-30T23:34:40.306Z] <<< HTTP RESPONSE 200
[debug] [2018-04-30T23:34:40.306Z] >>> HTTP REQUEST GET https://admin.firebase.com/v1/database/twitchplaysballgame/tokens  
  
 Mon Apr 30 2018 17:34:40 GMT-0600 (Mountain Daylight Time)
[debug] [2018-04-30T23:35:40.459Z] <<< HTTP RESPONSE 200
[debug] [2018-04-30T23:35:40.580Z] Error: Firebase.authWithCustomToken failed: First argument must be a valid credential (a string).
    at ng (C:\Users\mattd\AppData\Roaming\npm\node_modules\firebase-tools\node_modules\firebase\lib\firebase-node.js:129:313)
    at X.gg (C:\Users\mattd\AppData\Roaming\npm\node_modules\firebase-tools\node_modules\firebase\lib\firebase-node.js:266:131)
    at C:\Users\mattd\AppData\Roaming\npm\node_modules\firebase-tools\lib\acquireRefs.js:19:19
    at initializePromise (C:\Users\mattd\AppData\Roaming\npm\node_modules\firebase-tools\node_modules\rsvp\dist\rsvp.js:567:5)
    at new Promise (C:\Users\mattd\AppData\Roaming\npm\node_modules\firebase-tools\node_modules\rsvp\dist\rsvp.js:1039:33)
    at C:\Users\mattd\AppData\Roaming\npm\node_modules\firebase-tools\lib\acquireRefs.js:12:12
    at tryCatch (C:\Users\mattd\AppData\Roaming\npm\node_modules\firebase-tools\node_modules\rsvp\dist\rsvp.js:525:12)
    at invokeCallback (C:\Users\mattd\AppData\Roaming\npm\node_modules\firebase-tools\node_modules\rsvp\dist\rsvp.js:538:13)
    at publish (C:\Users\mattd\AppData\Roaming\npm\node_modules\firebase-tools\node_modules\rsvp\dist\rsvp.js:508:7)
    at flush (C:\Users\mattd\AppData\Roaming\npm\node_modules\firebase-tools\node_modules\rsvp\dist\rsvp.js:2415:5)
[error] 
[error] Error: An unexpected error has occurred.
[debug] [2018-04-30T23:36:16.476Z] ----------------------------------------------------------------------
[debug] [2018-04-30T23:36:16.478Z] Command:       C:\Program Files (x86)\nodejs\node.exe C:\Users\mattd\AppData\Roaming\npm\node_modules\firebase-tools\bin\firebase deploy
[debug] [2018-04-30T23:36:16.478Z] CLI Version:   3.17.7
[debug] [2018-04-30T23:36:16.478Z] Platform:      win32
[debug] [2018-04-30T23:36:16.478Z] Node Version:  v9.9.0
[debug] [2018-04-30T23:36:16.479Z] Time:          Mon Apr 30 2018 17:36:16 GMT-0600 (Mountain Daylight Time)
[debug] [2018-04-30T23:36:16.479Z] ----------------------------------------------------------------------
[debug] 
[debug] [2018-04-30T23:36:16.486Z] > command requires scopes: ["email","openid","https://www.googleapis.com/auth/cloudplatformprojects.readonly","https://www.googleapis.com/auth/firebase","https://www.googleapis.com/auth/cloud-platform"]
[debug] [2018-04-30T23:36:16.486Z] > authorizing via signed-in user
[debug] [2018-04-30T23:36:16.487Z] >>> HTTP REQUEST GET https://admin.firebase.com/v1/projects/twitchplaysballgame  
  
 Mon Apr 30 2018 17:36:16 GMT-0600 (Mountain Daylight Time)
[debug] [2018-04-30T23:36:16.823Z] <<< HTTP RESPONSE 200
[debug] [2018-04-30T23:36:16.824Z] >>> HTTP REQUEST GET https://admin.firebase.com/v1/database/twitchplaysballgame/tokens  
  
 Mon Apr 30 2018 17:36:16 GMT-0600 (Mountain Daylight Time)
[debug] [2018-04-30T23:37:16.977Z] <<< HTTP RESPONSE 200
[debug] [2018-04-30T23:37:17.135Z] Error: Firebase.authWithCustomToken failed: First argument must be a valid credential (a string).
    at ng (C:\Users\mattd\AppData\Roaming\npm\node_modules\firebase-tools\node_modules\firebase\lib\firebase-node.js:129:313)
    at X.gg (C:\Users\mattd\AppData\Roaming\npm\node_modules\firebase-tools\node_modules\firebase\lib\firebase-node.js:266:131)
    at C:\Users\mattd\AppData\Roaming\npm\node_modules\firebase-tools\lib\acquireRefs.js:19:19
    at initializePromise (C:\Users\mattd\AppData\Roaming\npm\node_modules\firebase-tools\node_modules\rsvp\dist\rsvp.js:567:5)
    at new Promise (C:\Users\mattd\AppData\Roaming\npm\node_modules\firebase-tools\node_modules\rsvp\dist\rsvp.js:1039:33)
    at C:\Users\mattd\AppData\Roaming\npm\node_modules\firebase-tools\lib\acquireRefs.js:12:12
    at tryCatch (C:\Users\mattd\AppData\Roaming\npm\node_modules\firebase-tools\node_modules\rsvp\dist\rsvp.js:525:12)
    at invokeCallback (C:\Users\mattd\AppData\Roaming\npm\node_modules\firebase-tools\node_modules\rsvp\dist\rsvp.js:538:13)
    at publish (C:\Users\mattd\AppData\Roaming\npm\node_modules\firebase-tools\node_modules\rsvp\dist\rsvp.js:508:7)
    at flush (C:\Users\mattd\AppData\Roaming\npm\node_modules\firebase-tools\node_modules\rsvp\dist\rsvp.js:2415:5)
[error] 
[error] Error: An unexpected error has occurred.
